<?xml version="1.0" encoding="UTF-8" ?>
<testsuite tests="2" failures="0" name="com.uh.pat.CustomTest" time="0.007" errors="2" skipped="0">
  <properties>
[...]
</properties>
  <testcase classname="com.uh.pat.CustomTest" name="test1" time="0">
    <error type="java.lang.NullPointerException">java.lang.NullPointerException
	at com.uh.pat.AVLTree.mostLeftChild(AVLTree.java:83)
	at com.uh.pat.AVLTree.delete(AVLTree.java:69)
	at com.uh.pat.AVLTree.delete(AVLTree.java:34)
	at com.uh.pat.CustomTest.test1(CustomTest.java:19)
	at sun.reflect.NativeMethodAccessorImpl.invoke0(Native Method)
	at sun.reflect.NativeMethodAccessorImpl.invoke(NativeMethodAccessorImpl.java:62)
	at sun.reflect.DelegatingMethodAccessorImpl.invoke(DelegatingMethodAccessorImpl.java:43)
	at java.lang.reflect.Method.invoke(Method.java:498)
	at org.junit.runners.model.FrameworkMethod$1.runReflectiveCall(FrameworkMethod.java:50)
	at org.junit.internal.runners.model.ReflectiveCallable.run(ReflectiveCallable.java:12)
	at org.junit.runners.model.FrameworkMethod.invokeExplosively(FrameworkMethod.java:47)
	at org.junit.internal.runners.statements.InvokeMethod.evaluate(InvokeMethod.java:17)
	at org.junit.internal.runners.statements.FailOnTimeout$CallableStatement.call(FailOnTimeout.java:298)
	at org.junit.internal.runners.statements.FailOnTimeout$CallableStatement.call(FailOnTimeout.java:292)
	at java.util.concurrent.FutureTask.run(FutureTask.java:266)
	at java.lang.Thread.run(Thread.java:748)
</error>
  </testcase>
  <testcase classname="com.uh.pat.CustomTest" name="test3" time="0.007">
    <error type="java.lang.NullPointerException">java.lang.NullPointerException
	at com.uh.pat.AVLTree.mostLeftChild(AVLTree.java:83)
	at com.uh.pat.AVLTree.delete(AVLTree.java:69)
	at com.uh.pat.AVLTree.delete(AVLTree.java:64)
	at com.uh.pat.AVLTree.delete(AVLTree.java:34)
	at com.uh.pat.CustomTest.test3(CustomTest.java:30)
	at sun.reflect.NativeMethodAccessorImpl.invoke0(Native Method)
	at sun.reflect.NativeMethodAccessorImpl.invoke(NativeMethodAccessorImpl.java:62)
	at sun.reflect.DelegatingMethodAccessorImpl.invoke(DelegatingMethodAccessorImpl.java:43)
	at java.lang.reflect.Method.invoke(Method.java:498)
	at org.junit.runners.model.FrameworkMethod$1.runReflectiveCall(FrameworkMethod.java:50)
	at org.junit.internal.runners.model.ReflectiveCallable.run(ReflectiveCallable.java:12)
	at org.junit.runners.model.FrameworkMethod.invokeExplosively(FrameworkMethod.java:47)
	at org.junit.internal.runners.statements.InvokeMethod.evaluate(InvokeMethod.java:17)
	at org.junit.internal.runners.statements.FailOnTimeout$CallableStatement.call(FailOnTimeout.java:298)
	at org.junit.internal.runners.statements.FailOnTimeout$CallableStatement.call(FailOnTimeout.java:292)
	at java.util.concurrent.FutureTask.run(FutureTask.java:266)
	at java.lang.Thread.run(Thread.java:748)
</error>
  </testcase>
</testsuite>